<?xml version="1.0" encoding="utf-8"?><testsuites name="pytest tests"><testsuite name="pytest" errors="0" failures="0" skipped="0" tests="13" time="0.825" timestamp="2026-06-11T11:06:06.872233+00:00" hostname="agent-env-ddf2e03b-cf32-41da-8388-f7d3ad2f5b46"><testcase classname="backend.tests.test_nusatani_api" name="test_root" time="0.121" /><testcase classname="backend.tests.test_nusatani_api" name="test_commodities_list" time="0.043" /><testcase classname="backend.tests.test_nusatani_api" name="test_commodity_detail" time="0.042" /><testcase classname="backend.tests.test_nusatani_api" name="test_commodity_detail_404" time="0.041" /><testcase classname="backend.tests.test_nusatani_api" name="test_market_overview" time="0.042" /><testcase classname="backend.tests.test_nusatani_api" name="test_buyers_all" time="0.047" /><testcase classname="backend.tests.test_nusatani_api" name="test_buyers_filter_commodity" time="0.042" /><testcase classname="backend.tests.test_nusatani_api" name="test_buyers_filter_location" time="0.041" /><testcase classname="backend.tests.test_nusatani_api" name="test_buyers_verified_only" time="0.043" /><testcase classname="backend.tests.test_nusatani_api" name="test_buyers_search" time="0.041" /><testcase classname="backend.tests.test_nusatani_api" name="test_buyer_detail" time="0.087" /><testcase classname="backend.tests.test_nusatani_api" name="test_buyer_detail_404" time="0.041" /><testcase classname="backend.tests.test_nusatani_api" name="test_locations" time="0.042" /></testsuite></testsuites>